d:\workspace\mynote\qtobject\musicplayer\musicplayer\x64\debug\vc142.pdb
d:\workspace\mynote\qtobject\musicplayer\musicplayer\x64\debug\qrc_musicplayer.obj
d:\workspace\mynote\qtobject\musicplayer\musicplayer\x64\debug\musicplayer.obj
d:\workspace\mynote\qtobject\musicplayer\musicplayer\x64\debug\main.obj
d:\workspace\mynote\qtobject\musicplayer\musicplayer\x64\debug\moc_musicplayer.obj
d:\workspace\mynote\qtobject\musicplayer\x64\debug\musicplayer.ilk
d:\workspace\mynote\qtobject\musicplayer\x64\debug\musicplayer.exe
d:\workspace\mynote\qtobject\musicplayer\x64\debug\musicplayer.pdb
d:\workspace\mynote\qtobject\musicplayer\musicplayer\x64\debug\moc\moc_musicplayer.cpp
d:\workspace\mynote\qtobject\musicplayer\musicplayer\x64\debug\uic\ui_musicplayer.h
d:\workspace\mynote\qtobject\musicplayer\musicplayer\x64\debug\rcc\qrc_musicplayer.cpp
d:\workspace\mynote\qtobject\musicplayer\musicplayer\x64\debug\musicplayer.tlog\cl.command.1.tlog
d:\workspace\mynote\qtobject\musicplayer\musicplayer\x64\debug\musicplayer.tlog\cl.read.1.tlog
d:\workspace\mynote\qtobject\musicplayer\musicplayer\x64\debug\musicplayer.tlog\cl.write.1.tlog
d:\workspace\mynote\qtobject\musicplayer\musicplayer\x64\debug\musicplayer.tlog\link.command.1.tlog
d:\workspace\mynote\qtobject\musicplayer\musicplayer\x64\debug\musicplayer.tlog\link.read.1.tlog
d:\workspace\mynote\qtobject\musicplayer\musicplayer\x64\debug\musicplayer.tlog\link.write.1.tlog
d:\workspace\mynote\qtobject\musicplayer\musicplayer\x64\debug\musicplayer.tlog\moc.read.1u.tlog
d:\workspace\mynote\qtobject\musicplayer\musicplayer\x64\debug\musicplayer.tlog\moc.write.1u.tlog
d:\workspace\mynote\qtobject\musicplayer\musicplayer\x64\debug\musicplayer.tlog\musicplayer.write.1u.tlog
d:\workspace\mynote\qtobject\musicplayer\musicplayer\x64\debug\musicplayer.tlog\rcc.read.1u.tlog
d:\workspace\mynote\qtobject\musicplayer\musicplayer\x64\debug\musicplayer.tlog\rcc.write.1u.tlog
d:\workspace\mynote\qtobject\musicplayer\musicplayer\x64\debug\musicplayer.tlog\uic.read.1u.tlog
d:\workspace\mynote\qtobject\musicplayer\musicplayer\x64\debug\musicplayer.tlog\uic.write.1u.tlog
